[INFO] [2016-01-10 00:10:20][org.springframework.web.servlet.DispatcherServlet]FrameworkServlet 'dispatcher': initialization started
[INFO] [2016-01-10 00:10:20][org.springframework.web.context.support.XmlWebApplicationContext]Refreshing WebApplicationContext for namespace 'dispatcher-servlet': startup date [Sun Jan 10 00:10:20 CST 2016]; parent: Root WebApplicationContext
[INFO] [2016-01-10 00:10:20][org.springframework.beans.factory.xml.XmlBeanDefinitionReader]Loading XML bean definitions from URL [file:/Users/xiaoliguo/Desktop/dev/java/mybatis_test/target/classes/conf/spring-mvc.xml]
[INFO] [2016-01-10 00:10:20][org.springframework.web.servlet.view.velocity.VelocityConfigurer]ClasspathResourceLoader with name 'springMacro' added to configured VelocityEngine
[INFO] [2016-01-10 00:10:20][org.springframework.web.servlet.mvc.annotation.DefaultAnnotationHandlerMapping]Mapped URL path [/user/{id}] onto handler 'userController'
[INFO] [2016-01-10 00:10:20][org.springframework.web.servlet.mvc.annotation.DefaultAnnotationHandlerMapping]Mapped URL path [/user/{id}.*] onto handler 'userController'
[INFO] [2016-01-10 00:10:20][org.springframework.web.servlet.mvc.annotation.DefaultAnnotationHandlerMapping]Mapped URL path [/user/{id}/] onto handler 'userController'
[INFO] [2016-01-10 00:10:20][org.springframework.web.servlet.mvc.annotation.DefaultAnnotationHandlerMapping]Mapped URL path [/showUser] onto handler 'userController'
[INFO] [2016-01-10 00:10:20][org.springframework.web.servlet.mvc.annotation.DefaultAnnotationHandlerMapping]Mapped URL path [/showUser.*] onto handler 'userController'
[INFO] [2016-01-10 00:10:20][org.springframework.web.servlet.mvc.annotation.DefaultAnnotationHandlerMapping]Mapped URL path [/showUser/] onto handler 'userController'
[INFO] [2016-01-10 00:10:21][org.springframework.web.servlet.DispatcherServlet]FrameworkServlet 'dispatcher': initialization completed in 781 ms
[WARN] [2016-01-10 00:13:28][org.springframework.web.servlet.PageNotFound]No mapping found for HTTP request with URI [/mybatis_test/] in DispatcherServlet with name 'dispatcher'
[WARN] [2016-01-10 00:13:28][org.springframework.web.servlet.PageNotFound]No mapping found for HTTP request with URI [/mybatis_test/rest/page/404] in DispatcherServlet with name 'dispatcher'
[WARN] [2016-01-10 00:13:42][org.springframework.web.servlet.PageNotFound]No mapping found for HTTP request with URI [/mybatis_test/rest/page/404] in DispatcherServlet with name 'dispatcher'
[WARN] [2016-01-10 00:14:11][org.springframework.web.servlet.PageNotFound]No mapping found for HTTP request with URI [/mybatis_test/rest/page/404] in DispatcherServlet with name 'dispatcher'
[WARN] [2016-01-10 00:14:12][org.springframework.web.servlet.PageNotFound]No mapping found for HTTP request with URI [/mybatis_test/rest/page/404] in DispatcherServlet with name 'dispatcher'
[INFO] [2016-01-10 00:19:07][org.springframework.web.servlet.DispatcherServlet]FrameworkServlet 'dispatcher': initialization started
[INFO] [2016-01-10 00:19:07][org.springframework.web.context.support.XmlWebApplicationContext]Refreshing WebApplicationContext for namespace 'dispatcher-servlet': startup date [Sun Jan 10 00:19:07 CST 2016]; parent: Root WebApplicationContext
[INFO] [2016-01-10 00:19:07][org.springframework.beans.factory.xml.XmlBeanDefinitionReader]Loading XML bean definitions from URL [file:/Users/xiaoliguo/Desktop/dev/java/mybatis_test/target/classes/conf/spring-mvc.xml]
[INFO] [2016-01-10 00:19:07][org.springframework.web.servlet.view.velocity.VelocityConfigurer]ClasspathResourceLoader with name 'springMacro' added to configured VelocityEngine
[INFO] [2016-01-10 00:19:07][org.springframework.web.servlet.mvc.annotation.DefaultAnnotationHandlerMapping]Mapped URL path [/user/{id}] onto handler 'userController'
[INFO] [2016-01-10 00:19:07][org.springframework.web.servlet.mvc.annotation.DefaultAnnotationHandlerMapping]Mapped URL path [/user/{id}.*] onto handler 'userController'
[INFO] [2016-01-10 00:19:07][org.springframework.web.servlet.mvc.annotation.DefaultAnnotationHandlerMapping]Mapped URL path [/user/{id}/] onto handler 'userController'
[INFO] [2016-01-10 00:19:07][org.springframework.web.servlet.mvc.annotation.DefaultAnnotationHandlerMapping]Mapped URL path [/showUser] onto handler 'userController'
[INFO] [2016-01-10 00:19:07][org.springframework.web.servlet.mvc.annotation.DefaultAnnotationHandlerMapping]Mapped URL path [/showUser.*] onto handler 'userController'
[INFO] [2016-01-10 00:19:07][org.springframework.web.servlet.mvc.annotation.DefaultAnnotationHandlerMapping]Mapped URL path [/showUser/] onto handler 'userController'
[INFO] [2016-01-10 00:19:07][org.springframework.web.servlet.DispatcherServlet]FrameworkServlet 'dispatcher': initialization completed in 821 ms
[WARN] [2016-01-10 00:19:38][org.springframework.web.servlet.PageNotFound]No mapping found for HTTP request with URI [/mybatis_test/rest/page/404] in DispatcherServlet with name 'dispatcher'
[WARN] [2016-01-10 00:20:15][org.springframework.web.servlet.PageNotFound]No mapping found for HTTP request with URI [/mybatis_test/rest/page/404] in DispatcherServlet with name 'dispatcher'
[INFO] [2016-01-10 00:21:27][org.springframework.web.servlet.DispatcherServlet]FrameworkServlet 'dispatcher': initialization started
[INFO] [2016-01-10 00:21:27][org.springframework.web.context.support.XmlWebApplicationContext]Refreshing WebApplicationContext for namespace 'dispatcher-servlet': startup date [Sun Jan 10 00:21:27 CST 2016]; parent: Root WebApplicationContext
[INFO] [2016-01-10 00:21:27][org.springframework.beans.factory.xml.XmlBeanDefinitionReader]Loading XML bean definitions from URL [file:/Users/xiaoliguo/Desktop/dev/java/mybatis_test/target/classes/conf/spring-mvc.xml]
[INFO] [2016-01-10 00:21:27][org.springframework.web.servlet.view.velocity.VelocityConfigurer]ClasspathResourceLoader with name 'springMacro' added to configured VelocityEngine
[INFO] [2016-01-10 00:21:28][org.springframework.web.servlet.mvc.annotation.DefaultAnnotationHandlerMapping]Mapped URL path [/user/{id}] onto handler 'userController'
[INFO] [2016-01-10 00:21:28][org.springframework.web.servlet.mvc.annotation.DefaultAnnotationHandlerMapping]Mapped URL path [/user/{id}.*] onto handler 'userController'
[INFO] [2016-01-10 00:21:28][org.springframework.web.servlet.mvc.annotation.DefaultAnnotationHandlerMapping]Mapped URL path [/user/{id}/] onto handler 'userController'
[INFO] [2016-01-10 00:21:28][org.springframework.web.servlet.mvc.annotation.DefaultAnnotationHandlerMapping]Mapped URL path [/showUser] onto handler 'userController'
[INFO] [2016-01-10 00:21:28][org.springframework.web.servlet.mvc.annotation.DefaultAnnotationHandlerMapping]Mapped URL path [/showUser.*] onto handler 'userController'
[INFO] [2016-01-10 00:21:28][org.springframework.web.servlet.mvc.annotation.DefaultAnnotationHandlerMapping]Mapped URL path [/showUser/] onto handler 'userController'
[INFO] [2016-01-10 00:21:28][org.springframework.web.servlet.DispatcherServlet]FrameworkServlet 'dispatcher': initialization completed in 543 ms
[INFO] [2016-01-10 00:25:14][org.springframework.web.servlet.DispatcherServlet]FrameworkServlet 'dispatcher': initialization started
[INFO] [2016-01-10 00:25:14][org.springframework.web.context.support.XmlWebApplicationContext]Refreshing WebApplicationContext for namespace 'dispatcher-servlet': startup date [Sun Jan 10 00:25:14 CST 2016]; parent: Root WebApplicationContext
[INFO] [2016-01-10 00:25:14][org.springframework.beans.factory.xml.XmlBeanDefinitionReader]Loading XML bean definitions from URL [file:/Users/xiaoliguo/Desktop/dev/java/mybatis_test/target/classes/conf/spring-mvc.xml]
[INFO] [2016-01-10 00:25:14][org.springframework.web.servlet.view.velocity.VelocityConfigurer]ClasspathResourceLoader with name 'springMacro' added to configured VelocityEngine
[INFO] [2016-01-10 00:25:14][org.springframework.web.servlet.mvc.annotation.DefaultAnnotationHandlerMapping]Mapped URL path [/user/{id}] onto handler 'userController'
[INFO] [2016-01-10 00:25:14][org.springframework.web.servlet.mvc.annotation.DefaultAnnotationHandlerMapping]Mapped URL path [/user/{id}.*] onto handler 'userController'
[INFO] [2016-01-10 00:25:14][org.springframework.web.servlet.mvc.annotation.DefaultAnnotationHandlerMapping]Mapped URL path [/user/{id}/] onto handler 'userController'
[INFO] [2016-01-10 00:25:14][org.springframework.web.servlet.mvc.annotation.DefaultAnnotationHandlerMapping]Mapped URL path [/showUser] onto handler 'userController'
[INFO] [2016-01-10 00:25:14][org.springframework.web.servlet.mvc.annotation.DefaultAnnotationHandlerMapping]Mapped URL path [/showUser.*] onto handler 'userController'
[INFO] [2016-01-10 00:25:14][org.springframework.web.servlet.mvc.annotation.DefaultAnnotationHandlerMapping]Mapped URL path [/showUser/] onto handler 'userController'
[INFO] [2016-01-10 00:25:14][org.springframework.web.servlet.DispatcherServlet]FrameworkServlet 'dispatcher': initialization completed in 520 ms
[INFO] [2016-01-10 00:25:47][org.springframework.web.servlet.DispatcherServlet]FrameworkServlet 'dispatcher': initialization started
[INFO] [2016-01-10 00:25:47][org.springframework.web.context.support.XmlWebApplicationContext]Refreshing WebApplicationContext for namespace 'dispatcher-servlet': startup date [Sun Jan 10 00:25:47 CST 2016]; parent: Root WebApplicationContext
[INFO] [2016-01-10 00:25:47][org.springframework.beans.factory.xml.XmlBeanDefinitionReader]Loading XML bean definitions from URL [file:/Users/xiaoliguo/Desktop/dev/java/mybatis_test/target/classes/conf/spring-mvc.xml]
[INFO] [2016-01-10 00:25:47][org.springframework.web.servlet.view.velocity.VelocityConfigurer]ClasspathResourceLoader with name 'springMacro' added to configured VelocityEngine
[INFO] [2016-01-10 00:25:47][org.springframework.web.servlet.mvc.annotation.DefaultAnnotationHandlerMapping]Mapped URL path [/user/{id}] onto handler 'userController'
[INFO] [2016-01-10 00:25:47][org.springframework.web.servlet.mvc.annotation.DefaultAnnotationHandlerMapping]Mapped URL path [/user/{id}.*] onto handler 'userController'
[INFO] [2016-01-10 00:25:47][org.springframework.web.servlet.mvc.annotation.DefaultAnnotationHandlerMapping]Mapped URL path [/user/{id}/] onto handler 'userController'
[INFO] [2016-01-10 00:25:47][org.springframework.web.servlet.mvc.annotation.DefaultAnnotationHandlerMapping]Mapped URL path [/showUser] onto handler 'userController'
[INFO] [2016-01-10 00:25:47][org.springframework.web.servlet.mvc.annotation.DefaultAnnotationHandlerMapping]Mapped URL path [/showUser.*] onto handler 'userController'
[INFO] [2016-01-10 00:25:47][org.springframework.web.servlet.mvc.annotation.DefaultAnnotationHandlerMapping]Mapped URL path [/showUser/] onto handler 'userController'
[INFO] [2016-01-10 00:25:47][org.springframework.web.servlet.DispatcherServlet]FrameworkServlet 'dispatcher': initialization completed in 516 ms
[INFO] [2016-01-10 00:27:09][org.springframework.web.servlet.DispatcherServlet]FrameworkServlet 'dispatcher': initialization started
[INFO] [2016-01-10 00:27:09][org.springframework.web.context.support.XmlWebApplicationContext]Refreshing WebApplicationContext for namespace 'dispatcher-servlet': startup date [Sun Jan 10 00:27:09 CST 2016]; parent: Root WebApplicationContext
[INFO] [2016-01-10 00:27:09][org.springframework.beans.factory.xml.XmlBeanDefinitionReader]Loading XML bean definitions from URL [file:/Users/xiaoliguo/Desktop/dev/java/mybatis_test/target/classes/conf/spring-mvc.xml]
[INFO] [2016-01-10 00:27:09][org.springframework.web.servlet.view.velocity.VelocityConfigurer]ClasspathResourceLoader with name 'springMacro' added to configured VelocityEngine
[INFO] [2016-01-10 00:27:09][org.springframework.web.servlet.mvc.annotation.DefaultAnnotationHandlerMapping]Mapped URL path [/user/{id}] onto handler 'userController'
[INFO] [2016-01-10 00:27:09][org.springframework.web.servlet.mvc.annotation.DefaultAnnotationHandlerMapping]Mapped URL path [/user/{id}.*] onto handler 'userController'
[INFO] [2016-01-10 00:27:09][org.springframework.web.servlet.mvc.annotation.DefaultAnnotationHandlerMapping]Mapped URL path [/user/{id}/] onto handler 'userController'
[INFO] [2016-01-10 00:27:09][org.springframework.web.servlet.mvc.annotation.DefaultAnnotationHandlerMapping]Mapped URL path [/showUser] onto handler 'userController'
[INFO] [2016-01-10 00:27:09][org.springframework.web.servlet.mvc.annotation.DefaultAnnotationHandlerMapping]Mapped URL path [/showUser.*] onto handler 'userController'
[INFO] [2016-01-10 00:27:09][org.springframework.web.servlet.mvc.annotation.DefaultAnnotationHandlerMapping]Mapped URL path [/showUser/] onto handler 'userController'
[INFO] [2016-01-10 00:27:09][org.springframework.web.servlet.DispatcherServlet]FrameworkServlet 'dispatcher': initialization completed in 533 ms
[INFO] [2016-01-10 00:29:48][org.springframework.web.servlet.DispatcherServlet]FrameworkServlet 'dispatcher': initialization started
[INFO] [2016-01-10 00:29:48][org.springframework.web.context.support.XmlWebApplicationContext]Refreshing WebApplicationContext for namespace 'dispatcher-servlet': startup date [Sun Jan 10 00:29:48 CST 2016]; parent: Root WebApplicationContext
[INFO] [2016-01-10 00:29:48][org.springframework.beans.factory.xml.XmlBeanDefinitionReader]Loading XML bean definitions from URL [file:/Users/xiaoliguo/Desktop/dev/java/mybatis_test/target/classes/conf/spring-mvc.xml]
[INFO] [2016-01-10 00:29:48][org.springframework.web.servlet.view.velocity.VelocityConfigurer]ClasspathResourceLoader with name 'springMacro' added to configured VelocityEngine
[INFO] [2016-01-10 00:29:48][org.springframework.web.servlet.mvc.annotation.DefaultAnnotationHandlerMapping]Mapped URL path [/user/{id}] onto handler 'userController'
[INFO] [2016-01-10 00:29:48][org.springframework.web.servlet.mvc.annotation.DefaultAnnotationHandlerMapping]Mapped URL path [/user/{id}.*] onto handler 'userController'
[INFO] [2016-01-10 00:29:48][org.springframework.web.servlet.mvc.annotation.DefaultAnnotationHandlerMapping]Mapped URL path [/user/{id}/] onto handler 'userController'
[INFO] [2016-01-10 00:29:48][org.springframework.web.servlet.mvc.annotation.DefaultAnnotationHandlerMapping]Mapped URL path [/showUser] onto handler 'userController'
[INFO] [2016-01-10 00:29:48][org.springframework.web.servlet.mvc.annotation.DefaultAnnotationHandlerMapping]Mapped URL path [/showUser.*] onto handler 'userController'
[INFO] [2016-01-10 00:29:48][org.springframework.web.servlet.mvc.annotation.DefaultAnnotationHandlerMapping]Mapped URL path [/showUser/] onto handler 'userController'
[INFO] [2016-01-10 00:29:48][org.springframework.web.servlet.DispatcherServlet]FrameworkServlet 'dispatcher': initialization completed in 542 ms
[INFO] [2016-01-10 00:31:06][org.springframework.web.servlet.DispatcherServlet]FrameworkServlet 'dispatcher': initialization started
[INFO] [2016-01-10 00:31:06][org.springframework.web.context.support.XmlWebApplicationContext]Refreshing WebApplicationContext for namespace 'dispatcher-servlet': startup date [Sun Jan 10 00:31:06 CST 2016]; parent: Root WebApplicationContext
[INFO] [2016-01-10 00:31:06][org.springframework.beans.factory.xml.XmlBeanDefinitionReader]Loading XML bean definitions from URL [file:/Users/xiaoliguo/Desktop/dev/java/mybatis_test/target/classes/conf/spring-mvc.xml]
[INFO] [2016-01-10 00:31:06][org.springframework.web.servlet.view.velocity.VelocityConfigurer]ClasspathResourceLoader with name 'springMacro' added to configured VelocityEngine
[INFO] [2016-01-10 00:31:06][org.springframework.web.servlet.mvc.annotation.DefaultAnnotationHandlerMapping]Mapped URL path [/user/{id}] onto handler 'userController'
[INFO] [2016-01-10 00:31:06][org.springframework.web.servlet.mvc.annotation.DefaultAnnotationHandlerMapping]Mapped URL path [/user/{id}.*] onto handler 'userController'
[INFO] [2016-01-10 00:31:06][org.springframework.web.servlet.mvc.annotation.DefaultAnnotationHandlerMapping]Mapped URL path [/user/{id}/] onto handler 'userController'
[INFO] [2016-01-10 00:31:06][org.springframework.web.servlet.mvc.annotation.DefaultAnnotationHandlerMapping]Mapped URL path [/showUser] onto handler 'userController'
[INFO] [2016-01-10 00:31:06][org.springframework.web.servlet.mvc.annotation.DefaultAnnotationHandlerMapping]Mapped URL path [/showUser.*] onto handler 'userController'
[INFO] [2016-01-10 00:31:06][org.springframework.web.servlet.mvc.annotation.DefaultAnnotationHandlerMapping]Mapped URL path [/showUser/] onto handler 'userController'
[INFO] [2016-01-10 00:31:06][org.springframework.web.servlet.DispatcherServlet]FrameworkServlet 'dispatcher': initialization completed in 528 ms
[INFO] [2016-01-10 13:41:44][org.springframework.web.servlet.DispatcherServlet]FrameworkServlet 'dispatcher': initialization started
[INFO] [2016-01-10 13:41:44][org.springframework.web.context.support.XmlWebApplicationContext]Refreshing WebApplicationContext for namespace 'dispatcher-servlet': startup date [Sun Jan 10 13:41:44 CST 2016]; parent: Root WebApplicationContext
[INFO] [2016-01-10 13:41:44][org.springframework.beans.factory.xml.XmlBeanDefinitionReader]Loading XML bean definitions from URL [file:/Users/xiaoliguo/Desktop/dev/java/mybatis_test/target/classes/conf/spring-mvc.xml]
[INFO] [2016-01-10 13:41:44][org.springframework.web.servlet.view.velocity.VelocityConfigurer]ClasspathResourceLoader with name 'springMacro' added to configured VelocityEngine
[INFO] [2016-01-10 13:41:45][org.springframework.web.servlet.mvc.annotation.DefaultAnnotationHandlerMapping]Mapped URL path [/user/{id}] onto handler 'userController'
[INFO] [2016-01-10 13:41:45][org.springframework.web.servlet.mvc.annotation.DefaultAnnotationHandlerMapping]Mapped URL path [/user/{id}.*] onto handler 'userController'
[INFO] [2016-01-10 13:41:45][org.springframework.web.servlet.mvc.annotation.DefaultAnnotationHandlerMapping]Mapped URL path [/user/{id}/] onto handler 'userController'
[INFO] [2016-01-10 13:41:45][org.springframework.web.servlet.mvc.annotation.DefaultAnnotationHandlerMapping]Mapped URL path [/showUser] onto handler 'userController'
[INFO] [2016-01-10 13:41:45][org.springframework.web.servlet.mvc.annotation.DefaultAnnotationHandlerMapping]Mapped URL path [/showUser.*] onto handler 'userController'
[INFO] [2016-01-10 13:41:45][org.springframework.web.servlet.mvc.annotation.DefaultAnnotationHandlerMapping]Mapped URL path [/showUser/] onto handler 'userController'
[INFO] [2016-01-10 13:41:45][org.springframework.web.servlet.DispatcherServlet]FrameworkServlet 'dispatcher': initialization completed in 1058 ms
[INFO] [2016-01-10 14:02:53][org.springframework.web.servlet.DispatcherServlet]FrameworkServlet 'dispatcher': initialization started
[INFO] [2016-01-10 14:02:53][org.springframework.web.context.support.XmlWebApplicationContext]Refreshing WebApplicationContext for namespace 'dispatcher-servlet': startup date [Sun Jan 10 14:02:53 CST 2016]; parent: Root WebApplicationContext
[INFO] [2016-01-10 14:02:53][org.springframework.beans.factory.xml.XmlBeanDefinitionReader]Loading XML bean definitions from URL [file:/Users/xiaoliguo/Desktop/dev/java/mybatis_test/target/classes/conf/spring-mvc.xml]
[INFO] [2016-01-10 14:02:53][org.springframework.web.servlet.view.velocity.VelocityConfigurer]ClasspathResourceLoader with name 'springMacro' added to configured VelocityEngine
[INFO] [2016-01-10 14:02:53][org.springframework.web.servlet.mvc.annotation.DefaultAnnotationHandlerMapping]Mapped URL path [/user/{id}] onto handler 'userController'
[INFO] [2016-01-10 14:02:53][org.springframework.web.servlet.mvc.annotation.DefaultAnnotationHandlerMapping]Mapped URL path [/user/{id}.*] onto handler 'userController'
[INFO] [2016-01-10 14:02:53][org.springframework.web.servlet.mvc.annotation.DefaultAnnotationHandlerMapping]Mapped URL path [/user/{id}/] onto handler 'userController'
[INFO] [2016-01-10 14:02:53][org.springframework.web.servlet.mvc.annotation.DefaultAnnotationHandlerMapping]Mapped URL path [/showUser] onto handler 'userController'
[INFO] [2016-01-10 14:02:53][org.springframework.web.servlet.mvc.annotation.DefaultAnnotationHandlerMapping]Mapped URL path [/showUser.*] onto handler 'userController'
[INFO] [2016-01-10 14:02:53][org.springframework.web.servlet.mvc.annotation.DefaultAnnotationHandlerMapping]Mapped URL path [/showUser/] onto handler 'userController'
[INFO] [2016-01-10 14:02:53][org.springframework.web.servlet.DispatcherServlet]FrameworkServlet 'dispatcher': initialization completed in 713 ms
[INFO] [2016-01-10 14:04:01][org.springframework.web.servlet.DispatcherServlet]FrameworkServlet 'dispatcher': initialization started
[INFO] [2016-01-10 14:04:01][org.springframework.web.context.support.XmlWebApplicationContext]Refreshing WebApplicationContext for namespace 'dispatcher-servlet': startup date [Sun Jan 10 14:04:01 CST 2016]; parent: Root WebApplicationContext
[INFO] [2016-01-10 14:04:01][org.springframework.beans.factory.xml.XmlBeanDefinitionReader]Loading XML bean definitions from URL [file:/Users/xiaoliguo/Desktop/dev/java/mybatis_test/target/classes/conf/spring-mvc.xml]
[INFO] [2016-01-10 14:04:01][org.springframework.web.servlet.view.velocity.VelocityConfigurer]ClasspathResourceLoader with name 'springMacro' added to configured VelocityEngine
[INFO] [2016-01-10 14:04:01][org.springframework.web.servlet.mvc.annotation.DefaultAnnotationHandlerMapping]Mapped URL path [/user/{id}] onto handler 'userController'
[INFO] [2016-01-10 14:04:01][org.springframework.web.servlet.mvc.annotation.DefaultAnnotationHandlerMapping]Mapped URL path [/user/{id}.*] onto handler 'userController'
[INFO] [2016-01-10 14:04:01][org.springframework.web.servlet.mvc.annotation.DefaultAnnotationHandlerMapping]Mapped URL path [/user/{id}/] onto handler 'userController'
[INFO] [2016-01-10 14:04:01][org.springframework.web.servlet.mvc.annotation.DefaultAnnotationHandlerMapping]Mapped URL path [/showUser] onto handler 'userController'
[INFO] [2016-01-10 14:04:01][org.springframework.web.servlet.mvc.annotation.DefaultAnnotationHandlerMapping]Mapped URL path [/showUser.*] onto handler 'userController'
[INFO] [2016-01-10 14:04:01][org.springframework.web.servlet.mvc.annotation.DefaultAnnotationHandlerMapping]Mapped URL path [/showUser/] onto handler 'userController'
[INFO] [2016-01-10 14:04:02][org.springframework.web.servlet.DispatcherServlet]FrameworkServlet 'dispatcher': initialization completed in 651 ms
[INFO] [2016-01-10 14:34:50][org.springframework.web.servlet.DispatcherServlet]FrameworkServlet 'dispatcher': initialization started
[INFO] [2016-01-10 14:34:50][org.springframework.web.context.support.XmlWebApplicationContext]Refreshing WebApplicationContext for namespace 'dispatcher-servlet': startup date [Sun Jan 10 14:34:50 CST 2016]; parent: Root WebApplicationContext
[INFO] [2016-01-10 14:34:50][org.springframework.beans.factory.xml.XmlBeanDefinitionReader]Loading XML bean definitions from URL [file:/Users/xiaoliguo/Desktop/dev/java/mybatis_test/target/classes/conf/spring-mvc.xml]
[INFO] [2016-01-10 14:34:51][org.springframework.web.servlet.view.velocity.VelocityConfigurer]ClasspathResourceLoader with name 'springMacro' added to configured VelocityEngine
[INFO] [2016-01-10 14:34:51][org.springframework.web.servlet.mvc.annotation.DefaultAnnotationHandlerMapping]Mapped URL path [/user/{id}] onto handler 'userController'
[INFO] [2016-01-10 14:34:51][org.springframework.web.servlet.mvc.annotation.DefaultAnnotationHandlerMapping]Mapped URL path [/user/{id}.*] onto handler 'userController'
[INFO] [2016-01-10 14:34:51][org.springframework.web.servlet.mvc.annotation.DefaultAnnotationHandlerMapping]Mapped URL path [/user/{id}/] onto handler 'userController'
[INFO] [2016-01-10 14:34:51][org.springframework.web.servlet.mvc.annotation.DefaultAnnotationHandlerMapping]Mapped URL path [/showUser] onto handler 'userController'
[INFO] [2016-01-10 14:34:51][org.springframework.web.servlet.mvc.annotation.DefaultAnnotationHandlerMapping]Mapped URL path [/showUser.*] onto handler 'userController'
[INFO] [2016-01-10 14:34:51][org.springframework.web.servlet.mvc.annotation.DefaultAnnotationHandlerMapping]Mapped URL path [/showUser/] onto handler 'userController'
[INFO] [2016-01-10 14:34:51][org.springframework.web.servlet.DispatcherServlet]FrameworkServlet 'dispatcher': initialization completed in 743 ms
[INFO] [2016-01-10 15:44:19][org.springframework.web.servlet.DispatcherServlet]FrameworkServlet 'dispatcher': initialization started
[INFO] [2016-01-10 15:44:19][org.springframework.web.context.support.XmlWebApplicationContext]Refreshing WebApplicationContext for namespace 'dispatcher-servlet': startup date [Sun Jan 10 15:44:19 CST 2016]; parent: Root WebApplicationContext
[INFO] [2016-01-10 15:44:19][org.springframework.beans.factory.xml.XmlBeanDefinitionReader]Loading XML bean definitions from URL [file:/Users/xiaoliguo/Desktop/dev/java/mybatis_test/target/classes/conf/spring-mvc.xml]
[INFO] [2016-01-10 15:44:19][org.springframework.web.servlet.view.velocity.VelocityConfigurer]ClasspathResourceLoader with name 'springMacro' added to configured VelocityEngine
[INFO] [2016-01-10 15:44:19][org.springframework.web.servlet.mvc.annotation.DefaultAnnotationHandlerMapping]Mapped URL path [/userlist] onto handler 'userController'
[INFO] [2016-01-10 15:44:19][org.springframework.web.servlet.mvc.annotation.DefaultAnnotationHandlerMapping]Mapped URL path [/userlist.*] onto handler 'userController'
[INFO] [2016-01-10 15:44:19][org.springframework.web.servlet.mvc.annotation.DefaultAnnotationHandlerMapping]Mapped URL path [/userlist/] onto handler 'userController'
[INFO] [2016-01-10 15:44:19][org.springframework.web.servlet.mvc.annotation.DefaultAnnotationHandlerMapping]Mapped URL path [/user/{id}] onto handler 'userController'
[INFO] [2016-01-10 15:44:19][org.springframework.web.servlet.mvc.annotation.DefaultAnnotationHandlerMapping]Mapped URL path [/user/{id}.*] onto handler 'userController'
[INFO] [2016-01-10 15:44:19][org.springframework.web.servlet.mvc.annotation.DefaultAnnotationHandlerMapping]Mapped URL path [/user/{id}/] onto handler 'userController'
[INFO] [2016-01-10 15:44:19][org.springframework.web.servlet.mvc.annotation.DefaultAnnotationHandlerMapping]Mapped URL path [/showUser] onto handler 'userController'
[INFO] [2016-01-10 15:44:19][org.springframework.web.servlet.mvc.annotation.DefaultAnnotationHandlerMapping]Mapped URL path [/showUser.*] onto handler 'userController'
[INFO] [2016-01-10 15:44:19][org.springframework.web.servlet.mvc.annotation.DefaultAnnotationHandlerMapping]Mapped URL path [/showUser/] onto handler 'userController'
[INFO] [2016-01-10 15:44:20][org.springframework.web.servlet.DispatcherServlet]FrameworkServlet 'dispatcher': initialization completed in 795 ms
[WARN] [2016-01-10 15:44:24][org.springframework.web.servlet.PageNotFound]No mapping found for HTTP request with URI [/mybatis_test/userlist] in DispatcherServlet with name 'dispatcher'
[WARN] [2016-01-10 15:44:29][org.springframework.web.servlet.PageNotFound]No mapping found for HTTP request with URI [/mybatis_test/userlist/] in DispatcherServlet with name 'dispatcher'
[WARN] [2016-01-10 15:44:30][org.springframework.web.servlet.PageNotFound]No mapping found for HTTP request with URI [/mybatis_test/userlist/] in DispatcherServlet with name 'dispatcher'
[INFO] [2016-01-10 15:44:56][org.springframework.web.servlet.DispatcherServlet]FrameworkServlet 'dispatcher': initialization started
[INFO] [2016-01-10 15:44:56][org.springframework.web.context.support.XmlWebApplicationContext]Refreshing WebApplicationContext for namespace 'dispatcher-servlet': startup date [Sun Jan 10 15:44:56 CST 2016]; parent: Root WebApplicationContext
[INFO] [2016-01-10 15:44:56][org.springframework.beans.factory.xml.XmlBeanDefinitionReader]Loading XML bean definitions from URL [file:/Users/xiaoliguo/Desktop/dev/java/mybatis_test/target/classes/conf/spring-mvc.xml]
[INFO] [2016-01-10 15:44:56][org.springframework.web.servlet.view.velocity.VelocityConfigurer]ClasspathResourceLoader with name 'springMacro' added to configured VelocityEngine
[INFO] [2016-01-10 15:44:56][org.springframework.web.servlet.mvc.annotation.DefaultAnnotationHandlerMapping]Mapped URL path [/userlist] onto handler 'userController'
[INFO] [2016-01-10 15:44:56][org.springframework.web.servlet.mvc.annotation.DefaultAnnotationHandlerMapping]Mapped URL path [/userlist.*] onto handler 'userController'
[INFO] [2016-01-10 15:44:56][org.springframework.web.servlet.mvc.annotation.DefaultAnnotationHandlerMapping]Mapped URL path [/userlist/] onto handler 'userController'
[INFO] [2016-01-10 15:44:56][org.springframework.web.servlet.mvc.annotation.DefaultAnnotationHandlerMapping]Mapped URL path [/user/{id}] onto handler 'userController'
[INFO] [2016-01-10 15:44:56][org.springframework.web.servlet.mvc.annotation.DefaultAnnotationHandlerMapping]Mapped URL path [/user/{id}.*] onto handler 'userController'
[INFO] [2016-01-10 15:44:56][org.springframework.web.servlet.mvc.annotation.DefaultAnnotationHandlerMapping]Mapped URL path [/user/{id}/] onto handler 'userController'
[INFO] [2016-01-10 15:44:56][org.springframework.web.servlet.mvc.annotation.DefaultAnnotationHandlerMapping]Mapped URL path [/showUser] onto handler 'userController'
[INFO] [2016-01-10 15:44:56][org.springframework.web.servlet.mvc.annotation.DefaultAnnotationHandlerMapping]Mapped URL path [/showUser.*] onto handler 'userController'
[INFO] [2016-01-10 15:44:56][org.springframework.web.servlet.mvc.annotation.DefaultAnnotationHandlerMapping]Mapped URL path [/showUser/] onto handler 'userController'
[INFO] [2016-01-10 15:44:56][org.springframework.web.servlet.DispatcherServlet]FrameworkServlet 'dispatcher': initialization completed in 823 ms
[WARN] [2016-01-10 15:44:58][org.springframework.web.servlet.PageNotFound]No mapping found for HTTP request with URI [/mybatis_test/userlist/] in DispatcherServlet with name 'dispatcher'
[WARN] [2016-01-10 15:44:59][org.springframework.web.servlet.PageNotFound]No mapping found for HTTP request with URI [/mybatis_test/userlist/] in DispatcherServlet with name 'dispatcher'
[WARN] [2016-01-10 15:44:59][org.springframework.web.servlet.PageNotFound]No mapping found for HTTP request with URI [/mybatis_test/userlist/] in DispatcherServlet with name 'dispatcher'
[WARN] [2016-01-10 15:45:02][org.springframework.web.servlet.PageNotFound]No mapping found for HTTP request with URI [/mybatis_test/userlist] in DispatcherServlet with name 'dispatcher'
[WARN] [2016-01-10 15:45:12][org.springframework.web.servlet.PageNotFound]No mapping found for HTTP request with URI [/mybatis_test/userlist] in DispatcherServlet with name 'dispatcher'
[WARN] [2016-01-10 15:45:13][org.springframework.web.servlet.PageNotFound]No mapping found for HTTP request with URI [/mybatis_test/userlist] in DispatcherServlet with name 'dispatcher'
[INFO] [2016-01-10 15:45:39][org.springframework.web.servlet.DispatcherServlet]FrameworkServlet 'dispatcher': initialization started
[INFO] [2016-01-10 15:45:39][org.springframework.web.context.support.XmlWebApplicationContext]Refreshing WebApplicationContext for namespace 'dispatcher-servlet': startup date [Sun Jan 10 15:45:39 CST 2016]; parent: Root WebApplicationContext
[INFO] [2016-01-10 15:45:39][org.springframework.beans.factory.xml.XmlBeanDefinitionReader]Loading XML bean definitions from URL [file:/Users/xiaoliguo/Desktop/dev/java/mybatis_test/target/classes/conf/spring-mvc.xml]
[INFO] [2016-01-10 15:45:39][org.springframework.web.servlet.view.velocity.VelocityConfigurer]ClasspathResourceLoader with name 'springMacro' added to configured VelocityEngine
[INFO] [2016-01-10 15:45:39][org.springframework.web.servlet.mvc.annotation.DefaultAnnotationHandlerMapping]Mapped URL path [/userlist] onto handler 'userController'
[INFO] [2016-01-10 15:45:39][org.springframework.web.servlet.mvc.annotation.DefaultAnnotationHandlerMapping]Mapped URL path [/userlist.*] onto handler 'userController'
[INFO] [2016-01-10 15:45:39][org.springframework.web.servlet.mvc.annotation.DefaultAnnotationHandlerMapping]Mapped URL path [/userlist/] onto handler 'userController'
[INFO] [2016-01-10 15:45:39][org.springframework.web.servlet.mvc.annotation.DefaultAnnotationHandlerMapping]Mapped URL path [/user/{id}] onto handler 'userController'
[INFO] [2016-01-10 15:45:39][org.springframework.web.servlet.mvc.annotation.DefaultAnnotationHandlerMapping]Mapped URL path [/user/{id}.*] onto handler 'userController'
[INFO] [2016-01-10 15:45:39][org.springframework.web.servlet.mvc.annotation.DefaultAnnotationHandlerMapping]Mapped URL path [/user/{id}/] onto handler 'userController'
[INFO] [2016-01-10 15:45:39][org.springframework.web.servlet.mvc.annotation.DefaultAnnotationHandlerMapping]Mapped URL path [/showUser] onto handler 'userController'
[INFO] [2016-01-10 15:45:39][org.springframework.web.servlet.mvc.annotation.DefaultAnnotationHandlerMapping]Mapped URL path [/showUser.*] onto handler 'userController'
[INFO] [2016-01-10 15:45:39][org.springframework.web.servlet.mvc.annotation.DefaultAnnotationHandlerMapping]Mapped URL path [/showUser/] onto handler 'userController'
[INFO] [2016-01-10 15:45:40][org.springframework.web.servlet.DispatcherServlet]FrameworkServlet 'dispatcher': initialization completed in 695 ms
[INFO] [2016-01-10 15:46:06][org.springframework.web.servlet.DispatcherServlet]FrameworkServlet 'dispatcher': initialization started
[INFO] [2016-01-10 15:46:06][org.springframework.web.context.support.XmlWebApplicationContext]Refreshing WebApplicationContext for namespace 'dispatcher-servlet': startup date [Sun Jan 10 15:46:06 CST 2016]; parent: Root WebApplicationContext
[INFO] [2016-01-10 15:46:06][org.springframework.beans.factory.xml.XmlBeanDefinitionReader]Loading XML bean definitions from URL [file:/Users/xiaoliguo/Desktop/dev/java/mybatis_test/target/classes/conf/spring-mvc.xml]
[INFO] [2016-01-10 15:46:06][org.springframework.web.servlet.view.velocity.VelocityConfigurer]ClasspathResourceLoader with name 'springMacro' added to configured VelocityEngine
[INFO] [2016-01-10 15:46:06][org.springframework.web.servlet.mvc.annotation.DefaultAnnotationHandlerMapping]Mapped URL path [/userlist] onto handler 'userController'
[INFO] [2016-01-10 15:46:06][org.springframework.web.servlet.mvc.annotation.DefaultAnnotationHandlerMapping]Mapped URL path [/userlist.*] onto handler 'userController'
[INFO] [2016-01-10 15:46:06][org.springframework.web.servlet.mvc.annotation.DefaultAnnotationHandlerMapping]Mapped URL path [/userlist/] onto handler 'userController'
[INFO] [2016-01-10 15:46:06][org.springframework.web.servlet.mvc.annotation.DefaultAnnotationHandlerMapping]Mapped URL path [/user/{id}] onto handler 'userController'
[INFO] [2016-01-10 15:46:06][org.springframework.web.servlet.mvc.annotation.DefaultAnnotationHandlerMapping]Mapped URL path [/user/{id}.*] onto handler 'userController'
[INFO] [2016-01-10 15:46:06][org.springframework.web.servlet.mvc.annotation.DefaultAnnotationHandlerMapping]Mapped URL path [/user/{id}/] onto handler 'userController'
[INFO] [2016-01-10 15:46:06][org.springframework.web.servlet.mvc.annotation.DefaultAnnotationHandlerMapping]Mapped URL path [/showUser] onto handler 'userController'
[INFO] [2016-01-10 15:46:06][org.springframework.web.servlet.mvc.annotation.DefaultAnnotationHandlerMapping]Mapped URL path [/showUser.*] onto handler 'userController'
[INFO] [2016-01-10 15:46:06][org.springframework.web.servlet.mvc.annotation.DefaultAnnotationHandlerMapping]Mapped URL path [/showUser/] onto handler 'userController'
[INFO] [2016-01-10 15:46:06][org.springframework.web.servlet.DispatcherServlet]FrameworkServlet 'dispatcher': initialization completed in 699 ms
[INFO] [2016-01-10 15:46:29][org.springframework.web.servlet.DispatcherServlet]FrameworkServlet 'dispatcher': initialization started
[INFO] [2016-01-10 15:46:29][org.springframework.web.context.support.XmlWebApplicationContext]Refreshing WebApplicationContext for namespace 'dispatcher-servlet': startup date [Sun Jan 10 15:46:29 CST 2016]; parent: Root WebApplicationContext
[INFO] [2016-01-10 15:46:29][org.springframework.beans.factory.xml.XmlBeanDefinitionReader]Loading XML bean definitions from URL [file:/Users/xiaoliguo/Desktop/dev/java/mybatis_test/target/classes/conf/spring-mvc.xml]
[INFO] [2016-01-10 15:46:29][org.springframework.web.servlet.view.velocity.VelocityConfigurer]ClasspathResourceLoader with name 'springMacro' added to configured VelocityEngine
[INFO] [2016-01-10 15:46:29][org.springframework.web.servlet.mvc.annotation.DefaultAnnotationHandlerMapping]Mapped URL path [/userlist] onto handler 'userController'
[INFO] [2016-01-10 15:46:29][org.springframework.web.servlet.mvc.annotation.DefaultAnnotationHandlerMapping]Mapped URL path [/userlist.*] onto handler 'userController'
[INFO] [2016-01-10 15:46:29][org.springframework.web.servlet.mvc.annotation.DefaultAnnotationHandlerMapping]Mapped URL path [/userlist/] onto handler 'userController'
[INFO] [2016-01-10 15:46:29][org.springframework.web.servlet.mvc.annotation.DefaultAnnotationHandlerMapping]Mapped URL path [/user/{id}] onto handler 'userController'
[INFO] [2016-01-10 15:46:29][org.springframework.web.servlet.mvc.annotation.DefaultAnnotationHandlerMapping]Mapped URL path [/user/{id}.*] onto handler 'userController'
[INFO] [2016-01-10 15:46:29][org.springframework.web.servlet.mvc.annotation.DefaultAnnotationHandlerMapping]Mapped URL path [/user/{id}/] onto handler 'userController'
[INFO] [2016-01-10 15:46:29][org.springframework.web.servlet.mvc.annotation.DefaultAnnotationHandlerMapping]Mapped URL path [/showUser] onto handler 'userController'
[INFO] [2016-01-10 15:46:29][org.springframework.web.servlet.mvc.annotation.DefaultAnnotationHandlerMapping]Mapped URL path [/showUser.*] onto handler 'userController'
[INFO] [2016-01-10 15:46:29][org.springframework.web.servlet.mvc.annotation.DefaultAnnotationHandlerMapping]Mapped URL path [/showUser/] onto handler 'userController'
[INFO] [2016-01-10 15:46:29][org.springframework.web.servlet.DispatcherServlet]FrameworkServlet 'dispatcher': initialization completed in 715 ms
[INFO] [2016-01-10 15:49:34][org.springframework.web.servlet.DispatcherServlet]FrameworkServlet 'dispatcher': initialization started
[INFO] [2016-01-10 15:49:34][org.springframework.web.context.support.XmlWebApplicationContext]Refreshing WebApplicationContext for namespace 'dispatcher-servlet': startup date [Sun Jan 10 15:49:34 CST 2016]; parent: Root WebApplicationContext
[INFO] [2016-01-10 15:49:34][org.springframework.beans.factory.xml.XmlBeanDefinitionReader]Loading XML bean definitions from URL [file:/Users/xiaoliguo/Desktop/dev/java/mybatis_test/target/classes/conf/spring-mvc.xml]
[INFO] [2016-01-10 15:49:34][org.springframework.web.servlet.view.velocity.VelocityConfigurer]ClasspathResourceLoader with name 'springMacro' added to configured VelocityEngine
[INFO] [2016-01-10 15:49:34][org.springframework.web.servlet.mvc.annotation.DefaultAnnotationHandlerMapping]Mapped URL path [/userlist] onto handler 'userController'
[INFO] [2016-01-10 15:49:34][org.springframework.web.servlet.mvc.annotation.DefaultAnnotationHandlerMapping]Mapped URL path [/userlist.*] onto handler 'userController'
[INFO] [2016-01-10 15:49:34][org.springframework.web.servlet.mvc.annotation.DefaultAnnotationHandlerMapping]Mapped URL path [/userlist/] onto handler 'userController'
[INFO] [2016-01-10 15:49:34][org.springframework.web.servlet.mvc.annotation.DefaultAnnotationHandlerMapping]Mapped URL path [/user/{id}] onto handler 'userController'
[INFO] [2016-01-10 15:49:34][org.springframework.web.servlet.mvc.annotation.DefaultAnnotationHandlerMapping]Mapped URL path [/user/{id}.*] onto handler 'userController'
[INFO] [2016-01-10 15:49:34][org.springframework.web.servlet.mvc.annotation.DefaultAnnotationHandlerMapping]Mapped URL path [/user/{id}/] onto handler 'userController'
[INFO] [2016-01-10 15:49:34][org.springframework.web.servlet.mvc.annotation.DefaultAnnotationHandlerMapping]Mapped URL path [/showUser] onto handler 'userController'
[INFO] [2016-01-10 15:49:34][org.springframework.web.servlet.mvc.annotation.DefaultAnnotationHandlerMapping]Mapped URL path [/showUser.*] onto handler 'userController'
[INFO] [2016-01-10 15:49:34][org.springframework.web.servlet.mvc.annotation.DefaultAnnotationHandlerMapping]Mapped URL path [/showUser/] onto handler 'userController'
[INFO] [2016-01-10 15:49:34][org.springframework.web.servlet.DispatcherServlet]FrameworkServlet 'dispatcher': initialization completed in 745 ms
[INFO] [2016-01-10 15:50:27][org.springframework.web.servlet.DispatcherServlet]FrameworkServlet 'dispatcher': initialization started
[INFO] [2016-01-10 15:50:27][org.springframework.web.context.support.XmlWebApplicationContext]Refreshing WebApplicationContext for namespace 'dispatcher-servlet': startup date [Sun Jan 10 15:50:27 CST 2016]; parent: Root WebApplicationContext
[INFO] [2016-01-10 15:50:27][org.springframework.beans.factory.xml.XmlBeanDefinitionReader]Loading XML bean definitions from URL [file:/Users/xiaoliguo/Desktop/dev/java/mybatis_test/target/classes/conf/spring-mvc.xml]
[INFO] [2016-01-10 15:50:27][org.springframework.web.servlet.view.velocity.VelocityConfigurer]ClasspathResourceLoader with name 'springMacro' added to configured VelocityEngine
[INFO] [2016-01-10 15:50:28][org.springframework.web.servlet.mvc.annotation.DefaultAnnotationHandlerMapping]Mapped URL path [/userlist] onto handler 'userController'
[INFO] [2016-01-10 15:50:28][org.springframework.web.servlet.mvc.annotation.DefaultAnnotationHandlerMapping]Mapped URL path [/userlist.*] onto handler 'userController'
[INFO] [2016-01-10 15:50:28][org.springframework.web.servlet.mvc.annotation.DefaultAnnotationHandlerMapping]Mapped URL path [/userlist/] onto handler 'userController'
[INFO] [2016-01-10 15:50:28][org.springframework.web.servlet.mvc.annotation.DefaultAnnotationHandlerMapping]Mapped URL path [/user/{id}] onto handler 'userController'
[INFO] [2016-01-10 15:50:28][org.springframework.web.servlet.mvc.annotation.DefaultAnnotationHandlerMapping]Mapped URL path [/user/{id}.*] onto handler 'userController'
[INFO] [2016-01-10 15:50:28][org.springframework.web.servlet.mvc.annotation.DefaultAnnotationHandlerMapping]Mapped URL path [/user/{id}/] onto handler 'userController'
[INFO] [2016-01-10 15:50:28][org.springframework.web.servlet.mvc.annotation.DefaultAnnotationHandlerMapping]Mapped URL path [/showUser] onto handler 'userController'
[INFO] [2016-01-10 15:50:28][org.springframework.web.servlet.mvc.annotation.DefaultAnnotationHandlerMapping]Mapped URL path [/showUser.*] onto handler 'userController'
[INFO] [2016-01-10 15:50:28][org.springframework.web.servlet.mvc.annotation.DefaultAnnotationHandlerMapping]Mapped URL path [/showUser/] onto handler 'userController'
[INFO] [2016-01-10 15:50:28][org.springframework.web.servlet.DispatcherServlet]FrameworkServlet 'dispatcher': initialization completed in 652 ms
